#
# A fatal error has been detected by the Java Runtime Environment:
#
#  Internal Error (constantTag.cpp:59), pid=2212, tid=0x0000000000001230
#  Error: ShouldNotReachHere()
#
# JRE version: Java(TM) SE Runtime Environment (8.0_181-b13) (build 1.8.0_181-b13)
# Java VM: Java HotSpot(TM) 64-Bit Server VM (25.181-b13 mixed mode windows-amd64 compressed oops)
# Failed to write core dump. Minidumps are not enabled by default on client versions of Windows
#
# If you would like to submit a bug report, please visit:
#   http://bugreport.java.com/bugreport/crash.jsp
#

---------------  T H R E A D  ---------------

Current thread (0x0000000019b4f000):  VMThread [stack: 0x000000001ac30000,0x000000001ad30000] [id=4656]

Stack: [0x000000001ac30000,0x000000001ad30000]
[error occurred during error reporting (printing stack bounds), id 0xc0000005]

Native frames: (J=compiled Java code, j=interpreted, Vv=VM code, C=native code)

VM_Operation (0x000000001bb9f710): GetOrSetLocal, mode: safepoint, requested by thread 0x000000001b188800


---------------  P R O C E S S  ---------------

Java Threads: ( => current thread )
  0x00000000220df800 JavaThread "DestroyJavaVM" [_thread_blocked, id=6556, stack(0x0000000002730000,0x0000000002830000)]
  0x00000000220df000 JavaThread "http-nio-8080-AsyncTimeout" daemon [_thread_blocked, id=6668, stack(0x0000000026790000,0x0000000026890000)]
  0x00000000220de000 JavaThread "http-nio-8080-Acceptor-0" daemon [_thread_in_native, id=7108, stack(0x000000001c900000,0x000000001ca00000)]
  0x000000001d884000 JavaThread "http-nio-8080-ClientPoller-1" daemon [_thread_in_native, id=6796, stack(0x00000000274b0000,0x00000000275b0000)]
  0x000000001d883800 JavaThread "http-nio-8080-ClientPoller-0" daemon [_thread_in_native, id=6468, stack(0x00000000272f0000,0x00000000273f0000)]
  0x000000001d882800 JavaThread "http-nio-8080-exec-10" daemon [_thread_blocked, id=2792, stack(0x0000000027160000,0x0000000027260000)]
  0x000000001d882000 JavaThread "http-nio-8080-exec-9" daemon [_thread_blocked, id=6580, stack(0x0000000026f50000,0x0000000027050000)]
  0x000000001d881000 JavaThread "http-nio-8080-exec-8" daemon [_thread_blocked, id=5484, stack(0x0000000023c90000,0x0000000023d90000)]
  0x000000001d880800 JavaThread "http-nio-8080-exec-7" daemon [_thread_blocked, id=5192, stack(0x0000000026d20000,0x0000000026e20000)]
  0x000000001d87f800 JavaThread "http-nio-8080-exec-6" daemon [_thread_blocked, id=2420, stack(0x0000000026bd0000,0x0000000026cd0000)]
  0x000000002103a800 JavaThread "http-nio-8080-exec-5" daemon [_thread_blocked, id=7064, stack(0x0000000026a00000,0x0000000026b00000)]
  0x0000000021039800 JavaThread "http-nio-8080-exec-4" daemon [_thread_blocked, id=6976, stack(0x000000001af20000,0x000000001b020000)]
  0x00000000222e1800 JavaThread "http-nio-8080-exec-3" daemon [_thread_blocked, id=7080, stack(0x00000000268d0000,0x00000000269d0000)]
  0x000000001cfea000 JavaThread "http-nio-8080-exec-2" daemon [_thread_blocked, id=1612, stack(0x0000000026230000,0x0000000026330000)]
  0x000000002526e000 JavaThread "http-nio-8080-exec-1" daemon [_thread_blocked, id=4948, stack(0x0000000026040000,0x0000000026140000)]
  0x0000000024e75000 JavaThread "NioBlockingSelector.BlockPoller-1" daemon [_thread_in_native, id=6340, stack(0x00000000230e0000,0x00000000231e0000)]
  0x00000000220a0800 JavaThread "container-0" [_thread_blocked, id=5804, stack(0x000000001dd50000,0x000000001de50000)]
  0x000000001d849800 JavaThread "ContainerBackgroundProcessor[StandardEngine[Tomcat]]" daemon [_thread_blocked, id=2020, stack(0x0000000021ba0000,0x0000000021ca0000)]
  0x000000001be5b000 JavaThread "Service Thread" daemon [_thread_blocked, id=5812, stack(0x000000001cb60000,0x000000001cc60000)]
  0x000000001be59800 JavaThread "C1 CompilerThread2" daemon [_thread_blocked, id=6684, stack(0x000000001ca20000,0x000000001cb20000)]
  0x000000001be58800 JavaThread "C2 CompilerThread1" daemon [_thread_blocked, id=6648, stack(0x000000001c800000,0x000000001c900000)]
  0x000000001be50000 JavaThread "C2 CompilerThread0" daemon [_thread_blocked, id=6804, stack(0x000000001c680000,0x000000001c780000)]
  0x000000001b19e000 JavaThread "JDWP Command Reader" daemon [_thread_in_native, id=5864, stack(0x000000001b840000,0x000000001b940000)]
  0x000000001b191000 JavaThread "JDWP Event Helper Thread" daemon [_thread_blocked, id=5264, stack(0x000000001bd20000,0x000000001be20000)]
  0x000000001b188800 JavaThread "JDWP Transport Listener: dt_socket" daemon [_thread_blocked, id=6708, stack(0x000000001baa0000,0x000000001bba0000)]
  0x000000001b17e000 JavaThread "Attach Listener" daemon [_thread_blocked, id=4456, stack(0x000000001b580000,0x000000001b680000)]
  0x000000001b17d000 JavaThread "Signal Dispatcher" daemon [_thread_blocked, id=5828, stack(0x000000001ab00000,0x000000001ac00000)]
  0x0000000019b9e800 JavaThread "Finalizer" daemon [_thread_blocked, id=7048, stack(0x000000001b060000,0x000000001b160000)]
  0x0000000019b57000 JavaThread "Reference Handler" daemon [_thread_blocked, id=6612, stack(0x000000001ae20000,0x000000001af20000)]

Other Threads:
=>0x0000000019b4f000 VMThread [stack: 0x000000001ac30000,0x000000001ad30000] [id=4656]
  0x000000001b4be800 WatcherThread [stack: 0x000000001cc70000,0x000000001cd70000] [id=6860]

VM state:at safepoint (normal execution)

VM Mutex/Monitor currently owned by a thread:  ([mutex/lock_event])
[0x000000000241a000] Threads_lock - owner thread: 0x0000000019b4f000

Heap:
 PSYoungGen      total 204800K, used 165719K [0x0000000780800000, 0x0000000791800000, 0x00000007c0000000)
  eden space 196608K, 84% used [0x0000000780800000,0x000000078a9d5c50,0x000000078c800000)
  from space 8192K, 0% used [0x000000078c800000,0x000000078c800000,0x000000078d000000)
  to   space 15872K, 0% used [0x0000000790880000,0x0000000790880000,0x0000000791800000)
 ParOldGen       total 120320K, used 19741K [0x0000000701800000, 0x0000000708d80000, 0x0000000780800000)
  object space 120320K, 16% used [0x0000000701800000,0x0000000702b47528,0x0000000708d80000)
 Metaspace       used 41728K, capacity 43470K, committed 43648K, reserved 1087488K
  class space    used 5356K, capacity 5673K, committed 5760K, reserved 1048576K

Card table byte_map: [0x0000000011bf0000,0x00000000121f0000] byte_map_base: 0x000000000e3e4000

Marking Bits: (ParMarkBitMap*) 0x0000000052032d00
 Begin Bits: [0x0000000012c80000, 0x0000000015c20000)
 End Bits:   [0x0000000015c20000, 0x0000000018bc0000)

Polling page: 0x0000000000320000

CodeCache: size=245760Kb used=12648Kb max_used=14347Kb free=233111Kb
 bounds [0x0000000002830000, 0x0000000003640000, 0x0000000011830000]
 total_blobs=4325 nmethods=3875 adapters=370
 compilation: enabled

Compilation events (10 events):
Event: 379.222 Thread 0x000000001be59800 4248       3       org.apache.catalina.valves.ValveBase::backgroundProcess (1 bytes)
Event: 379.223 Thread 0x000000001be59800 nmethod 4248 0x0000000002b82750 code [0x0000000002b828a0, 0x0000000002b829f0]
Event: 439.231 Thread 0x000000001be59800 4249       1       java.util.EventObject::getSource (5 bytes)
Event: 439.231 Thread 0x000000001be59800 nmethod 4249 0x0000000002c90a90 code [0x0000000002c90be0, 0x0000000002c90cf0]
Event: 449.231 Thread 0x000000001be59800 4250   !   3       org.apache.catalina.core.ContainerBase::findChildren (42 bytes)
Event: 449.232 Thread 0x000000001be59800 nmethod 4250 0x00000000029881d0 code [0x0000000002988360, 0x0000000002988a38]
Event: 459.233 Thread 0x000000001be59800 4251       3       java.util.TreeSet::add (22 bytes)
Event: 459.233 Thread 0x000000001be59800 nmethod 4251 0x000000000328ce90 code [0x000000000328d000, 0x000000000328d2a8]
Event: 468.937 Thread 0x000000001be58800 4252       4       org.eclipse.jdt.launching.internal.org.objectweb.asm.AnnotationWriter::visitEnd (44 bytes)
Event: 468.968 Thread 0x000000001be58800 nmethod 4252 0x0000000002b0b550 code [0x0000000002b0b6a0, 0x0000000002b0b7d8]

GC Heap History (10 events):
Event: 3.271 GC heap before
{Heap before GC invocations=3 (full 0):
 PSYoungGen      total 106496K, used 99504K [0x0000000780800000, 0x0000000787800000, 0x00000007c0000000)
  eden space 98304K, 95% used [0x0000000780800000,0x00000007863bb608,0x0000000786800000)
  from space 8192K, 68% used [0x0000000787000000,0x0000000787570b88,0x0000000787800000)
  to   space 8192K, 0% used [0x0000000786800000,0x0000000786800000,0x0000000787000000)
 ParOldGen       total 131072K, used 24K [0x0000000701800000, 0x0000000709800000, 0x0000000780800000)
  object space 131072K, 0% used [0x0000000701800000,0x0000000701806000,0x0000000709800000)
 Metaspace       used 20607K, capacity 21080K, committed 21248K, reserved 1067008K
  class space    used 2600K, capacity 2734K, committed 2816K, reserved 1048576K
Event: 3.304 GC heap after
Heap after GC invocations=3 (full 0):
 PSYoungGen      total 106496K, used 8189K [0x0000000780800000, 0x000000078d800000, 0x00000007c0000000)
  eden space 98304K, 0% used [0x0000000780800000,0x0000000780800000,0x0000000786800000)
  from space 8192K, 99% used [0x0000000786800000,0x0000000786fff6c8,0x0000000787000000)
  to   space 8192K, 0% used [0x000000078d000000,0x000000078d000000,0x000000078d800000)
 ParOldGen       total 131072K, used 1522K [0x0000000701800000, 0x0000000709800000, 0x0000000780800000)
  object space 131072K, 1% used [0x0000000701800000,0x000000070197ca80,0x0000000709800000)
 Metaspace       used 20607K, capacity 21080K, committed 21248K, reserved 1067008K
  class space    used 2600K, capacity 2734K, committed 2816K, reserved 1048576K
}
Event: 3.304 GC heap before
{Heap before GC invocations=4 (full 1):
 PSYoungGen      total 106496K, used 8189K [0x0000000780800000, 0x000000078d800000, 0x00000007c0000000)
  eden space 98304K, 0% used [0x0000000780800000,0x0000000780800000,0x0000000786800000)
  from space 8192K, 99% used [0x0000000786800000,0x0000000786fff6c8,0x0000000787000000)
  to   space 8192K, 0% used [0x000000078d000000,0x000000078d000000,0x000000078d800000)
 ParOldGen       total 131072K, used 1522K [0x0000000701800000, 0x0000000709800000, 0x0000000780800000)
  object space 131072K, 1% used [0x0000000701800000,0x000000070197ca80,0x0000000709800000)
 Metaspace       used 20607K, capacity 21080K, committed 21248K, reserved 1067008K
  class space    used 2600K, capacity 2734K, committed 2816K, reserved 1048576K
Event: 3.382 GC heap after
Heap after GC invocations=4 (full 1):
 PSYoungGen      total 106496K, used 0K [0x0000000780800000, 0x000000078d800000, 0x00000007c0000000)
  eden space 98304K, 0% used [0x0000000780800000,0x0000000780800000,0x0000000786800000)
  from space 8192K, 0% used [0x0000000786800000,0x0000000786800000,0x0000000787000000)
  to   space 8192K, 0% used [0x000000078d000000,0x000000078d000000,0x000000078d800000)
 ParOldGen       total 76800K, used 9426K [0x0000000701800000, 0x0000000706300000, 0x0000000780800000)
  object space 76800K, 12% used [0x0000000701800000,0x00000007021349f0,0x0000000706300000)
 Metaspace       used 20606K, capacity 21074K, committed 21248K, reserved 1067008K
  class space    used 2600K, capacity 2733K, committed 2816K, reserved 1048576K
}
Event: 4.726 GC heap before
{Heap before GC invocations=5 (full 1):
 PSYoungGen      total 106496K, used 98304K [0x0000000780800000, 0x000000078d800000, 0x00000007c0000000)
  eden space 98304K, 100% used [0x0000000780800000,0x0000000786800000,0x0000000786800000)
  from space 8192K, 0% used [0x0000000786800000,0x0000000786800000,0x0000000787000000)
  to   space 8192K, 0% used [0x000000078d000000,0x000000078d000000,0x000000078d800000)
 ParOldGen       total 76800K, used 9426K [0x0000000701800000, 0x0000000706300000, 0x0000000780800000)
  object space 76800K, 12% used [0x0000000701800000,0x00000007021349f0,0x0000000706300000)
 Metaspace       used 26459K, capacity 27292K, committed 27392K, reserved 1073152K
  class space    used 3382K, capacity 3574K, committed 3584K, reserved 1048576K
Event: 4.737 GC heap after
Heap after GC invocations=5 (full 1):
 PSYoungGen      total 166912K, used 8191K [0x0000000780800000, 0x000000078d800000, 0x00000007c0000000)
  eden space 158720K, 0% used [0x0000000780800000,0x0000000780800000,0x000000078a300000)
  from space 8192K, 99% used [0x000000078d000000,0x000000078d7ffdc0,0x000000078d800000)
  to   space 8192K, 0% used [0x000000078c800000,0x000000078c800000,0x000000078d000000)
 ParOldGen       total 76800K, used 9434K [0x0000000701800000, 0x0000000706300000, 0x0000000780800000)
  object space 76800K, 12% used [0x0000000701800000,0x00000007021369f0,0x0000000706300000)
 Metaspace       used 26459K, capacity 27292K, committed 27392K, reserved 1073152K
  class space    used 3382K, capacity 3574K, committed 3584K, reserved 1048576K
}
Event: 8.992 GC heap before
{Heap before GC invocations=6 (full 1):
 PSYoungGen      total 166912K, used 151953K [0x0000000780800000, 0x000000078d800000, 0x00000007c0000000)
  eden space 158720K, 90% used [0x0000000780800000,0x00000007894649e8,0x000000078a300000)
  from space 8192K, 99% used [0x000000078d000000,0x000000078d7ffdc0,0x000000078d800000)
  to   space 8192K, 0% used [0x000000078c800000,0x000000078c800000,0x000000078d000000)
 ParOldGen       total 76800K, used 9434K [0x0000000701800000, 0x0000000706300000, 0x0000000780800000)
  object space 76800K, 12% used [0x0000000701800000,0x00000007021369f0,0x0000000706300000)
 Metaspace       used 34100K, capacity 35384K, committed 35416K, reserved 1081344K
  class space    used 4345K, capacity 4608K, committed 4608K, reserved 1048576K
Event: 9.011 GC heap after
Heap after GC invocations=6 (full 1):
 PSYoungGen      total 204800K, used 8167K [0x0000000780800000, 0x0000000791800000, 0x00000007c0000000)
  eden space 196608K, 0% used [0x0000000780800000,0x0000000780800000,0x000000078c800000)
  from space 8192K, 99% used [0x000000078c800000,0x000000078cff9cf0,0x000000078d000000)
  to   space 15872K, 0% used [0x0000000790880000,0x0000000790880000,0x0000000791800000)
 ParOldGen       total 76800K, used 16761K [0x0000000701800000, 0x0000000706300000, 0x0000000780800000)
  object space 76800K, 21% used [0x0000000701800000,0x000000070285e478,0x0000000706300000)
 Metaspace       used 34100K, capacity 35384K, committed 35416K, reserved 1081344K
  class space    used 4345K, capacity 4608K, committed 4608K, reserved 1048576K
}
Event: 9.011 GC heap before
{Heap before GC invocations=7 (full 2):
 PSYoungGen      total 204800K, used 8167K [0x0000000780800000, 0x0000000791800000, 0x00000007c0000000)
  eden space 196608K, 0% used [0x0000000780800000,0x0000000780800000,0x000000078c800000)
  from space 8192K, 99% used [0x000000078c800000,0x000000078cff9cf0,0x000000078d000000)
  to   space 15872K, 0% used [0x0000000790880000,0x0000000790880000,0x0000000791800000)
 ParOldGen       total 76800K, used 16761K [0x0000000701800000, 0x0000000706300000, 0x0000000780800000)
  object space 76800K, 21% used [0x0000000701800000,0x000000070285e478,0x0000000706300000)
 Metaspace       used 34100K, capacity 35384K, committed 35416K, reserved 1081344K
  class space    used 4345K, capacity 4608K, committed 4608K, reserved 1048576K
Event: 9.128 GC heap after
Heap after GC invocations=7 (full 2):
 PSYoungGen      total 204800K, used 0K [0x0000000780800000, 0x0000000791800000, 0x00000007c0000000)
  eden space 196608K, 0% used [0x0000000780800000,0x0000000780800000,0x000000078c800000)
  from space 8192K, 0% used [0x000000078c800000,0x000000078c800000,0x000000078d000000)
  to   space 15872K, 0% used [0x0000000790880000,0x0000000790880000,0x0000000791800000)
 ParOldGen       total 120320K, used 19741K [0x0000000701800000, 0x0000000708d80000, 0x0000000780800000)
  object space 120320K, 16% used [0x0000000701800000,0x0000000702b47528,0x0000000708d80000)
 Metaspace       used 34100K, capacity 35384K, committed 35416K, reserved 1081344K
  class space    used 4345K, capacity 4608K, committed 4608K, reserved 1048576K
}

Deoptimization events (10 events):
Event: 16.021 Thread 0x00000000222e1800 Uncommon trap: reason=unhandled action=none pc=0x00000000033619d4 method=java.net.URLClassLoader.findClass(Ljava/lang/String;)Ljava/lang/Class; @ 44
Event: 16.022 Thread 0x00000000222e1800 Uncommon trap: reason=unhandled action=none pc=0x00000000033619d4 method=java.net.URLClassLoader.findClass(Ljava/lang/String;)Ljava/lang/Class; @ 44
Event: 16.024 Thread 0x00000000222e1800 Uncommon trap: reason=unhandled action=none pc=0x00000000033619d4 method=java.net.URLClassLoader.findClass(Ljava/lang/String;)Ljava/lang/Class; @ 44
Event: 16.025 Thread 0x00000000222e1800 Uncommon trap: reason=unhandled action=none pc=0x00000000033619d4 method=java.net.URLClassLoader.findClass(Ljava/lang/String;)Ljava/lang/Class; @ 44
Event: 16.026 Thread 0x00000000222e1800 Uncommon trap: reason=unhandled action=none pc=0x00000000033619d4 method=java.net.URLClassLoader.findClass(Ljava/lang/String;)Ljava/lang/Class; @ 44
Event: 16.028 Thread 0x00000000222e1800 Uncommon trap: reason=unhandled action=none pc=0x00000000033619d4 method=java.net.URLClassLoader.findClass(Ljava/lang/String;)Ljava/lang/Class; @ 44
Event: 16.029 Thread 0x00000000222e1800 Uncommon trap: reason=unhandled action=none pc=0x00000000033619d4 method=java.net.URLClassLoader.findClass(Ljava/lang/String;)Ljava/lang/Class; @ 44
Event: 16.030 Thread 0x00000000222e1800 Uncommon trap: reason=range_check action=none pc=0x0000000002c1bb64 method=sun.reflect.generics.parser.SignatureParser.current()C @ 34
Event: 19.151 Thread 0x000000001d849800 Uncommon trap: reason=unhandled action=none pc=0x00000000033619d4 method=java.net.URLClassLoader.findClass(Ljava/lang/String;)Ljava/lang/Class; @ 44
Event: 19.153 Thread 0x000000001d849800 Uncommon trap: reason=unhandled action=none pc=0x00000000033619d4 method=java.net.URLClassLoader.findClass(Ljava/lang/String;)Ljava/lang/Class; @ 44

Classes redefined (2 events):
Event: 468.967 Thread 0x0000000019b4f000 redefined class name=com.hengfeng.web.controller.admin.JobController, count=1
Event: 493.801 Thread 0x0000000019b4f000 redefined class name=com.hengfeng.web.controller.admin.JobController, count=2

Internal exceptions (10 events):
Event: 10.689 Thread 0x000000000241c000 Exception <a 'java/lang/ArrayIndexOutOfBoundsException': 137> (0x0000000786d93438) thrown at [C:\re\workspace\8-2-build-windows-amd64-cygwin\jdk8u181\11358\hotspot\src\share\vm\interpreter\interpreterRuntime.cpp, line 366]
Event: 10.815 Thread 0x000000000241c000 Exception <a 'java/lang/ArrayIndexOutOfBoundsException': 123> (0x00000007874f72e0) thrown at [C:\re\workspace\8-2-build-windows-amd64-cygwin\jdk8u181\11358\hotspot\src\share\vm\interpreter\interpreterRuntime.cpp, line 366]
Event: 10.972 Thread 0x000000000241c000 Exception <a 'java/lang/ArrayIndexOutOfBoundsException': 159> (0x0000000788168d40) thrown at [C:\re\workspace\8-2-build-windows-amd64-cygwin\jdk8u181\11358\hotspot\src\share\vm\interpreter\interpreterRuntime.cpp, line 366]
Event: 10.977 Thread 0x000000000241c000 Exception <a 'java/lang/ArrayIndexOutOfBoundsException': 83> (0x0000000788174968) thrown at [C:\re\workspace\8-2-build-windows-amd64-cygwin\jdk8u181\11358\hotspot\src\share\vm\interpreter\interpreterRuntime.cpp, line 366]
Event: 10.983 Thread 0x000000000241c000 Exception <a 'java/lang/ArrayIndexOutOfBoundsException': 185> (0x0000000788240d20) thrown at [C:\re\workspace\8-2-build-windows-amd64-cygwin\jdk8u181\11358\hotspot\src\share\vm\interpreter\interpreterRuntime.cpp, line 366]
Event: 11.016 Thread 0x000000000241c000 Exception <a 'java/lang/ArrayIndexOutOfBoundsException': 234> (0x000000078851c428) thrown at [C:\re\workspace\8-2-build-windows-amd64-cygwin\jdk8u181\11358\hotspot\src\share\vm\interpreter\interpreterRuntime.cpp, line 366]
Event: 11.077 Thread 0x000000000241c000 Exception <a 'java/lang/ArrayIndexOutOfBoundsException': 323> (0x000000078889e018) thrown at [C:\re\workspace\8-2-build-windows-amd64-cygwin\jdk8u181\11358\hotspot\src\share\vm\interpreter\interpreterRuntime.cpp, line 366]
Event: 11.077 Thread 0x000000000241c000 Exception <a 'java/lang/ArrayIndexOutOfBoundsException': 195> (0x00000007888a0a60) thrown at [C:\re\workspace\8-2-build-windows-amd64-cygwin\jdk8u181\11358\hotspot\src\share\vm\interpreter\interpreterRuntime.cpp, line 366]
Event: 11.077 Thread 0x000000000241c000 Exception <a 'java/lang/ArrayIndexOutOfBoundsException': 126> (0x00000007888a27c8) thrown at [C:\re\workspace\8-2-build-windows-amd64-cygwin\jdk8u181\11358\hotspot\src\share\vm\interpreter\interpreterRuntime.cpp, line 366]
Event: 16.030 Thread 0x00000000222e1800 Exception <a 'java/lang/ArrayIndexOutOfBoundsException': 74> (0x000000078a505570) thrown at [C:\re\workspace\8-2-build-windows-amd64-cygwin\jdk8u181\11358\hotspot\src\share\vm\interpreter\interpreterRuntime.cpp, line 366]

Events (10 events):
Event: 493.802 Executing VM operation: RedefineClasses done
Event: 493.818 Executing VM operation: ChangeBreakpoints
Event: 493.820 Executing VM operation: ChangeBreakpoints done
Event: 493.838 Executing VM operation: ChangeBreakpoints
Event: 493.841 Executing VM operation: ChangeBreakpoints done
Event: 494.078 Executing VM operation: GetOwnedMonitorInfo
Event: 494.078 Executing VM operation: GetOwnedMonitorInfo done
Event: 494.078 Executing VM operation: GetCurrentContendedMonitor
Event: 494.078 Executing VM operation: GetCurrentContendedMonitor done
Event: 494.087 Executing VM operation: GetOrSetLocal


Dynamic libraries:
0x000000013fdb0000 - 0x000000013fde7000 	D:\lan_workpace\java\bin\javaw.exe
0x0000000076d40000 - 0x0000000076eea000 	C:\Windows\SYSTEM32\ntdll.dll
0x0000000076b20000 - 0x0000000076c3f000 	C:\Windows\system32\kernel32.dll
0x000007fefcd20000 - 0x000007fefcd8a000 	C:\Windows\system32\KERNELBASE.dll
0x000007fefd200000 - 0x000007fefd2db000 	C:\Windows\system32\ADVAPI32.dll
0x000007fefd2e0000 - 0x000007fefd37f000 	C:\Windows\system32\msvcrt.dll
0x000007fefd490000 - 0x000007fefd4af000 	C:\Windows\SYSTEM32\sechost.dll
0x000007fefcdb0000 - 0x000007fefcedd000 	C:\Windows\system32\RPCRT4.dll
0x0000000076c40000 - 0x0000000076d3a000 	C:\Windows\system32\USER32.dll
0x000007fefd420000 - 0x000007fefd487000 	C:\Windows\system32\GDI32.dll
0x000007fefe610000 - 0x000007fefe61e000 	C:\Windows\system32\LPK.dll
0x000007fefef80000 - 0x000007feff04a000 	C:\Windows\system32\USP10.dll
0x000007fefaf70000 - 0x000007fefb164000 	C:\Windows\WinSxS\amd64_microsoft.windows.common-controls_6595b64144ccf1df_6.0.7601.17514_none_fa396087175ac9ac\COMCTL32.dll
0x000007fefe970000 - 0x000007fefe9e1000 	C:\Windows\system32\SHLWAPI.dll
0x000007fefd090000 - 0x000007fefd0be000 	C:\Windows\system32\IMM32.DLL
0x000007fefea00000 - 0x000007fefeb09000 	C:\Windows\system32\MSCTF.dll
0x000000005f880000 - 0x000000005f952000 	D:\lan_workpace\java\bin\msvcr100.dll
0x0000000051810000 - 0x00000000520b2000 	D:\lan_workpace\java\bin\server\jvm.dll
0x000007fef79a0000 - 0x000007fef79a9000 	C:\Windows\system32\WSOCK32.dll
0x000007fefe450000 - 0x000007fefe49d000 	C:\Windows\system32\WS2_32.dll
0x000007fefe9f0000 - 0x000007fefe9f8000 	C:\Windows\system32\NSI.dll
0x000007fefccc0000 - 0x000007fefccfb000 	C:\Windows\system32\WINMM.dll
0x000007fefba10000 - 0x000007fefba1c000 	C:\Windows\system32\VERSION.dll
0x0000000076f00000 - 0x0000000076f07000 	C:\Windows\system32\PSAPI.DLL
0x0000000074450000 - 0x000000007445f000 	D:\lan_workpace\java\bin\verify.dll
0x0000000074420000 - 0x0000000074449000 	D:\lan_workpace\java\bin\java.dll
0x000000005fd10000 - 0x000000005fd45000 	D:\lan_workpace\java\bin\jdwp.dll
0x00000000613f0000 - 0x00000000613f8000 	D:\lan_workpace\java\bin\npt.dll
0x000000005fce0000 - 0x000000005fd03000 	D:\lan_workpace\java\bin\instrument.dll
0x0000000074400000 - 0x0000000074416000 	D:\lan_workpace\java\bin\zip.dll
0x000007fefd4b0000 - 0x000007fefe238000 	C:\Windows\system32\SHELL32.dll
0x000007fefe240000 - 0x000007fefe443000 	C:\Windows\system32\ole32.dll
0x000007fefc950000 - 0x000007fefc95f000 	C:\Windows\system32\profapi.dll
0x00000000612d0000 - 0x00000000612d9000 	D:\lan_workpace\java\bin\dt_socket.dll
0x000007fefaa20000 - 0x000007fefaa35000 	C:\Windows\system32\NLAapi.dll
0x000007fef7bc0000 - 0x000007fef7bd5000 	C:\Windows\system32\napinsp.dll
0x000007fef7ba0000 - 0x000007fef7bb9000 	C:\Windows\system32\pnrpnsp.dll
0x000007fefc100000 - 0x000007fefc155000 	C:\Windows\System32\mswsock.dll
0x000007fefbf80000 - 0x000007fefbfdb000 	C:\Windows\system32\DNSAPI.dll
0x000007fef7b90000 - 0x000007fef7b9b000 	C:\Windows\System32\winrnr.dll
0x000007fef7b80000 - 0x000007fef7b90000 	C:\Windows\system32\wshbth.dll
0x000007fefa8e0000 - 0x000007fefa907000 	C:\Windows\system32\IPHLPAPI.DLL
0x000007fefa8d0000 - 0x000007fefa8db000 	C:\Windows\system32\WINNSI.DLL
0x000007fef9d40000 - 0x000007fef9d93000 	C:\Windows\System32\fwpuclnt.dll
0x000007fef7e50000 - 0x000007fef7e58000 	C:\Windows\system32\rasadhlp.dll
0x000007fefbae0000 - 0x000007fefbae7000 	C:\Windows\System32\wshtcpip.dll
0x0000000074100000 - 0x000000007410d000 	D:\lan_workpace\java\bin\management.dll
0x00000000743e0000 - 0x00000000743fa000 	D:\lan_workpace\java\bin\net.dll
0x000007fefc0f0000 - 0x000007fefc0f7000 	C:\Windows\System32\wship6.dll
0x00000000743c0000 - 0x00000000743d1000 	D:\lan_workpace\java\bin\nio.dll
0x000007fefc160000 - 0x000007fefc177000 	C:\Windows\system32\CRYPTSP.dll
0x000007fefbe60000 - 0x000007fefbea7000 	C:\Windows\system32\rsaenh.dll
0x000007fefcd90000 - 0x000007fefcdae000 	C:\Windows\system32\USERENV.dll
0x000007fefc7f0000 - 0x000007fefc7ff000 	C:\Windows\system32\CRYPTBASE.dll
0x000007fef9cf0000 - 0x000007fef9d08000 	C:\Windows\system32\dhcpcsvc.DLL
0x000007fef9cd0000 - 0x000007fef9ce1000 	C:\Windows\system32\dhcpcsvc6.DLL
0x0000000180000000 - 0x00000001801f0000 	D:\lan_workpace\apache-tomcat-8.5.33\bin\tcnative-1.dll

VM Arguments:
jvm_args: -agentlib:jdwp=transport=dt_socket,suspend=y,address=localhost:55239 -javaagent:D:\jee-photon2\eclipse\configuration\org.eclipse.osgi\418\0\.cp\lib\javaagent-shaded.jar -Dfile.encoding=UTF-8 
java_command: com.hengfeng.web.App
java_class_path (initial): D:\lan_workpace\java\lib\resources.jar;D:\lan_workpace\java\lib\rt.jar;D:\lan_workpace\java\lib\jsse.jar;D:\lan_workpace\java\lib\jce.jar;D:\lan_workpace\java\lib\charsets.jar;D:\lan_workpace\java\lib\jfr.jar;D:\lan_workpace\java\lib\ext\access-bridge-64.jar;D:\lan_workpace\java\lib\ext\cldrdata.jar;D:\lan_workpace\java\lib\ext\dnsns.jar;D:\lan_workpace\java\lib\ext\jaccess.jar;D:\lan_workpace\java\lib\ext\jfxrt.jar;D:\lan_workpace\java\lib\ext\localedata.jar;D:\lan_workpace\java\lib\ext\nashorn.jar;D:\lan_workpace\java\lib\ext\sunec.jar;D:\lan_workpace\java\lib\ext\sunjce_provider.jar;D:\lan_workpace\java\lib\ext\sunmscapi.jar;D:\lan_workpace\java\lib\ext\sunpkcs11.jar;D:\lan_workpace\java\lib\ext\zipfs.jar;D:\lan_workpace\java_workpace\web\target\classes;C:\Users\Administrator\.m2\repository\org\springframework\boot\spring-boot-starter-web\2.1.1.RELEASE\spring-boot-starter-web-2.1.1.RELEASE.jar;C:\Users\Administrator\.m2\repository\org\springframework\boot\spring-boot-starter\2.1.1.RELEASE\spring-boot-starter-2.1.1.RELEASE.jar;C:\Users\Administrator\.m2\repository\org\springframework\boot\spring-boot\2.1.1.RELEASE\spring-boot-2.1.1.RELEASE.jar;C:\Users\Administrator\.m2\repository\org\springframework\boot\spring-boot-autoconfigure\2.1.1.RELEASE\spring-boot-autoconfigure-2.1.1.RELEASE.jar;C:\Users\Administrator\.m2\repository\org\springframework\boot\spring-boot-starter-logging\2.1.1.RELEASE\spring-boot-starter-logging-2.1.1.RELEASE.jar;C:\Users\Administrator\.m2\repository\ch\qos\logback\logback-classic\1.2.3\logback-classic-1.2.3.jar;C:\Users\Administrator\.m2\repository\ch\qos\logback\logback-core\1.2.3\logback-core-1.2.3.jar;C:\Users\Administrator\.m2\repository\org\apache\logging\log4j\log4j-to-slf4j\2.11.1\log4j-to-slf4j-2.11.1.jar;C:\Users\Administrator\.m2\repository\org\apache\logging\log4j\log4j-api\2.11.1\log4j-api-2.11.1.jar;C:\Users\Administrator\.m2\repository\org\slf4j\jul-to-slf4j\1.7.25\jul-to-slf4j-1.7.25.jar;C:\Users\
Launcher Type: SUN_STANDARD

Environment Variables:
JAVA_HOME=D:\lan_workpace\java_jdk
CLASSPATH=.;D:\lan_workpace\java_jdk\lib
PATH=D:/lan_workpace/java/bin/server;D:/lan_workpace/java/bin;D:/lan_workpace/java/lib/amd64;C:\Program Files (x86)\Common Files\Oracle\Java\javapath;C:\Program Files (x86)\Common Files\NetSarang;C:\Windows\system32;C:\Windows;C:\Windows\System32\Wbem;C:\Windows\System32\WindowsPowerShell\v1.0\;C:\Program Files\TortoiseSVN\bin;C:\Program Files (x86)\IDM Computer Solutions\UltraCompare;C:\Python27;C:\Program Files\Git\cmd;C:\Program Files\TortoiseGit\bin;D:\phpStudy\php\php-7.0.12-nts;C:\ProgramData\ComposerSetup\bin;D:\lan_workpace\node\;C:\Python27\Scripts\;D:\lan_workpace\java_jdk\bin;D:\lan_workpace\apache-tomcat-8.5.33\lib;D:\lan_workpace\apache-tomcat-8.5.33\bin;C:\Users\Administrator\AppData\Local\Programs\Fiddler;C:\Users\Administrator\AppData\Roaming\Composer\vendor\bin;C:\Users\Administrator\AppData\Roaming\npm;c:\python27;c:\python27\Scripts;D:\Docker Toolbox;C:\Users\Administrator\Desktop;
USERNAME=Administrator
OS=Windows_NT
PROCESSOR_IDENTIFIER=Intel64 Family 6 Model 61 Stepping 4, GenuineIntel



---------------  S Y S T E M  ---------------

OS: Windows 7 , 64 bit Build 7601 (6.1.7601.23677)

CPU:total 4 (initial active 4) (2 cores per cpu, 2 threads per core) family 6 model 61 stepping 4, cmov, cx8, fxsr, mmx, sse, sse2, sse3, ssse3, sse4.1, sse4.2, popcnt, avx, avx2, aes, clmul, erms, 3dnowpref, lzcnt, ht, tsc, tscinvbit, bmi1, bmi2, adx

Memory: 4k page, physical 12480448k(6244564k free), swap 24959036k(17898004k free)

vm_info: Java HotSpot(TM) 64-Bit Server VM (25.181-b13) for windows-amd64 JRE (1.8.0_181-b13), built on Jul  7 2018 04:01:33 by "java_re" with MS VC++ 10.0 (VS2010)

time: Fri Dec 21 11:41:53 2018
elapsed time: 494 seconds (0d 0h 8m 14s)

